# JRE version: OpenJDK Runtime Environment (16.0.1+9) (build 16.0.1+9-24)
# Java VM: OpenJDK 64-Bit Server VM (16.0.1+9-24, mixed mode, tiered, compressed oops, compressed class ptrs, g1 gc, windows-amd64)
GC Precious Log:
 CPUs: 4 total, 4 available
 Memory: 8031M
 Large Page Support: Disabled
 NUMA Support: Disabled
 Compressed Oops: Enabled (32-bit)
 Heap Region Size: 1M
 Heap Min Capacity: 8M
 Heap Initial Capacity: 126M
 Heap Max Capacity: 2008M
 Pre-touch: Disabled
 Parallel Workers: 4
 Concurrent Workers: 1
 Concurrent Refinement Workers: 4
 Periodic GC: Disabled
Heap:
 garbage-first heap   total 65536K, used 32312K [0x0000000082800000, 0x0000000100000000)
  region size 1024K, 2 young (2048K), 1 survivors (1024K)
 Metaspace       used 65835K, committed 66432K, reserved 1105920K
  class space    used 8780K, committed 9088K, reserved 1048576K
GC Heap History (20 events):
Event: 49365.403 GC heap before
{Heap before GC invocations=200 (full 0):
 garbage-first heap   total 65536K, used 54839K [0x0000000082800000, 0x0000000100000000)
  region size 1024K, 24 young (24576K), 1 survivors (1024K)
 Metaspace       used 65835K, committed 66432K, reserved 1105920K
  class space    used 8780K, committed 9088K, reserved 1048576K
}
Event: 49365.412 GC heap after
{Heap after GC invocations=201 (full 0):
 garbage-first heap   total 65536K, used 32307K [0x0000000082800000, 0x0000000100000000)
  region size 1024K, 1 young (1024K), 1 survivors (1024K)
 Metaspace       used 65835K, committed 66432K, reserved 1105920K
  class space    used 8780K, committed 9088K, reserved 1048576K
}
Event: 49833.873 GC heap before
{Heap before GC invocations=201 (full 0):
 garbage-first heap   total 65536K, used 54835K [0x0000000082800000, 0x0000000100000000)
  region size 1024K, 24 young (24576K), 1 survivors (1024K)
 Metaspace       used 65835K, committed 66432K, reserved 1105920K
  class space    used 8780K, committed 9088K, reserved 1048576K
}
Event: 49833.876 GC heap after
{Heap after GC invocations=202 (full 0):
 garbage-first heap   total 65536K, used 32307K [0x0000000082800000, 0x0000000100000000)
  region size 1024K, 1 young (1024K), 1 survivors (1024K)
 Metaspace       used 65835K, committed 66432K, reserved 1105920K
  class space    used 8780K, committed 9088K, reserved 1048576K
}
Event: 50289.202 GC heap before
{Heap before GC invocations=203 (full 0):
 garbage-first heap   total 65536K, used 54835K [0x0000000082800000, 0x0000000100000000)
  region size 1024K, 24 young (24576K), 1 survivors (1024K)
 Metaspace       used 65835K, committed 66432K, reserved 1105920K
  class space    used 8780K, committed 9088K, reserved 1048576K
}
Event: 50289.205 GC heap after
{Heap after GC invocations=204 (full 0):
 garbage-first heap   total 65536K, used 32308K [0x0000000082800000, 0x0000000100000000)
  region size 1024K, 1 young (1024K), 1 survivors (1024K)
 Metaspace       used 65835K, committed 66432K, reserved 1105920K
  class space    used 8780K, committed 9088K, reserved 1048576K
}
Event: 50745.811 GC heap before
{Heap before GC invocations=204 (full 0):
 garbage-first heap   total 65536K, used 55860K [0x0000000082800000, 0x0000000100000000)
  region size 1024K, 24 young (24576K), 1 survivors (1024K)
 Metaspace       used 65835K, committed 66432K, reserved 1105920K
  class space    used 8780K, committed 9088K, reserved 1048576K
}
Event: 50745.814 GC heap after
{Heap after GC invocations=205 (full 0):
 garbage-first heap   total 65536K, used 32322K [0x0000000082800000, 0x0000000100000000)
  region size 1024K, 1 young (1024K), 1 survivors (1024K)
 Metaspace       used 65835K, committed 66432K, reserved 1105920K
  class space    used 8780K, committed 9088K, reserved 1048576K
}
Event: 51199.698 GC heap before
{Heap before GC invocations=206 (full 0):
 garbage-first heap   total 65536K, used 55874K [0x0000000082800000, 0x0000000100000000)
  region size 1024K, 24 young (24576K), 1 survivors (1024K)
 Metaspace       used 65835K, committed 66432K, reserved 1105920K
  class space    used 8780K, committed 9088K, reserved 1048576K
}
Event: 51199.701 GC heap after
{Heap after GC invocations=207 (full 0):
 garbage-first heap   total 65536K, used 32323K [0x0000000082800000, 0x0000000100000000)
  region size 1024K, 1 young (1024K), 1 survivors (1024K)
 Metaspace       used 65835K, committed 66432K, reserved 1105920K
  class space    used 8780K, committed 9088K, reserved 1048576K
}
Event: 51655.612 GC heap before
{Heap before GC invocations=207 (full 0):
 garbage-first heap   total 65536K, used 55875K [0x0000000082800000, 0x0000000100000000)
  region size 1024K, 24 young (24576K), 1 survivors (1024K)
 Metaspace       used 65835K, committed 66432K, reserved 1105920K
  class space    used 8780K, committed 9088K, reserved 1048576K
}
Event: 51655.624 GC heap after
{Heap after GC invocations=208 (full 0):
 garbage-first heap   total 65536K, used 32330K [0x0000000082800000, 0x0000000100000000)
  region size 1024K, 1 young (1024K), 1 survivors (1024K)
 Metaspace       used 65835K, committed 66432K, reserved 1105920K
  class space    used 8780K, committed 9088K, reserved 1048576K
}
Event: 52106.294 GC heap before
{Heap before GC invocations=209 (full 0):
 garbage-first heap   total 65536K, used 54858K [0x0000000082800000, 0x0000000100000000)
  region size 1024K, 24 young (24576K), 1 survivors (1024K)
 Metaspace       used 65835K, committed 66432K, reserved 1105920K
  class space    used 8780K, committed 9088K, reserved 1048576K
}
Event: 52106.296 GC heap after
{Heap after GC invocations=210 (full 0):
 garbage-first heap   total 65536K, used 32311K [0x0000000082800000, 0x0000000100000000)
  region size 1024K, 1 young (1024K), 1 survivors (1024K)
 Metaspace       used 65835K, committed 66432K, reserved 1105920K
  class space    used 8780K, committed 9088K, reserved 1048576K
}
Event: 52565.359 GC heap before
{Heap before GC invocations=210 (full 0):
 garbage-first heap   total 65536K, used 54839K [0x0000000082800000, 0x0000000100000000)
  region size 1024K, 24 young (24576K), 1 survivors (1024K)
 Metaspace       used 65835K, committed 66432K, reserved 1105920K
  class space    used 8780K, committed 9088K, reserved 1048576K
}
Event: 52565.363 GC heap after
{Heap after GC invocations=211 (full 0):
 garbage-first heap   total 65536K, used 32310K [0x0000000082800000, 0x0000000100000000)
  region size 1024K, 1 young (1024K), 1 survivors (1024K)
 Metaspace       used 65835K, committed 66432K, reserved 1105920K
  class space    used 8780K, committed 9088K, reserved 1048576K
}
Event: 53024.805 GC heap before
{Heap before GC invocations=212 (full 0):
 garbage-first heap   total 65536K, used 55862K [0x0000000082800000, 0x0000000100000000)
  region size 1024K, 24 young (24576K), 1 survivors (1024K)
 Metaspace       used 65835K, committed 66432K, reserved 1105920K
  class space    used 8780K, committed 9088K, reserved 1048576K
}
Event: 53024.807 GC heap after
{Heap after GC invocations=213 (full 0):
 garbage-first heap   total 65536K, used 32307K [0x0000000082800000, 0x0000000100000000)
  region size 1024K, 1 young (1024K), 1 survivors (1024K)
 Metaspace       used 65835K, committed 66432K, reserved 1105920K
  class space    used 8780K, committed 9088K, reserved 1048576K
}
Event: 53495.741 GC heap before
{Heap before GC invocations=213 (full 0):
 garbage-first heap   total 65536K, used 55859K [0x0000000082800000, 0x0000000100000000)
  region size 1024K, 24 young (24576K), 1 survivors (1024K)
 Metaspace       used 65835K, committed 66432K, reserved 1105920K
  class space    used 8780K, committed 9088K, reserved 1048576K
}
Event: 53495.754 GC heap after
{Heap after GC invocations=214 (full 0):
 garbage-first heap   total 65536K, used 32312K [0x0000000082800000, 0x0000000100000000)
  region size 1024K, 1 young (1024K), 1 survivors (1024K)
 Metaspace       used 65835K, committed 66432K, reserved 1105920K
  class space    used 8780K, committed 9088K, reserved 1048576K
}

